::1 - - [03/Dec/2014:15:52:12 +0100] "GET /phpmyadmin/ HTTP/1.1" 200 45311
::1 - - [03/Dec/2014:15:52:13 +0100] "GET /phpmyadmin/version_check.php?&_nocache=1417618333515121632 HTTP/1.1" 200 40
::1 - - [03/Dec/2014:15:52:15 +0100] "GET /phpmyadmin/navigation.php?ajax_request=1&token=d1107a532b71d3eab329d90760ebd88d&aPath=cm9vdA%3D%3D.dGVzdA%3D%3D&vPath=cm9vdA%3D%3D.dGVzdA%3D%3D&pos=0&pos2_name=&pos2_value=&searchClause=&searchClause2=&_nocache=1417618335774675975 HTTP/1.1" 200 97
::1 - - [03/Dec/2014:15:52:17 +0100] "GET /phpmyadmin/db_structure.php?server=1&db=test&token=d1107a532b71d3eab329d90760ebd88d&ajax_request=true&ajax_page_request=true&menuHashes=558d60b4&_nocache=1417618337569930575 HTTP/1.1" 200 5551
::1 - - [03/Dec/2014:15:52:18 +0100] "GET /phpmyadmin/js/get_scripts.js.php?scripts[]=db_structure.js&scripts[]=tbl_change.js HTTP/1.1" 200 12382
::1 - - [03/Dec/2014:15:52:20 +0100] "GET /phpmyadmin/db_sql.php?db=test&token=d1107a532b71d3eab329d90760ebd88d&db_query_force=1&ajax_request=true&ajax_page_request=true&menuHashes=558d60b4-3155056f&_nocache=1417618340800441497 HTTP/1.1" 200 7053
::1 - - [03/Dec/2014:15:52:21 +0100] "GET /phpmyadmin/js/get_scripts.js.php?scripts[]=makegrid.js&scripts[]=sql.js HTTP/1.1" 200 35099
::1 - - [03/Dec/2014:15:52:27 +0100] "GET /phpmyadmin/db_structure.php?server=1&db=test&token=d1107a532b71d3eab329d90760ebd88d&ajax_request=true&ajax_page_request=true&menuHashes=558d60b4-3155056f-34d0c6a7&_nocache=1417618347128931918 HTTP/1.1" 200 2442
::1 - - [03/Dec/2014:15:52:29 +0100] "GET /phpmyadmin/index.php?token=d1107a532b71d3eab329d90760ebd88d&ajax_request=true&ajax_page_request=true&menuHashes=558d60b4-3155056f-34d0c6a7&_nocache=1417618349949988640 HTTP/1.1" 200 37958
::1 - - [03/Dec/2014:15:52:30 +0100] "GET /phpmyadmin/version_check.php?&_nocache=1417618350493536063 HTTP/1.1" 200 40
::1 - - [03/Dec/2014:15:52:34 +0100] "GET /phpmyadmin/server_databases.php?db=&token=d1107a532b71d3eab329d90760ebd88d&ajax_request=true&ajax_page_request=true&menuHashes=558d60b4-3155056f-34d0c6a7&_nocache=1417618354436636428 HTTP/1.1" 200 35238
::1 - - [03/Dec/2014:15:52:34 +0100] "GET /phpmyadmin/js/get_scripts.js.php?scripts[]=server_databases.js HTTP/1.1" 200 1818
::1 - - [03/Dec/2014:15:52:42 +0100] "GET /phpmyadmin/themes/pmahomme/jquery/images/ui-bg_flat_75_ffffff_40x100.png HTTP/1.1" 200 178
::1 - - [03/Dec/2014:15:52:42 +0100] "GET /phpmyadmin/themes/pmahomme/jquery/images/ui-icons_222222_256x240.png HTTP/1.1" 200 4369
::1 - - [03/Dec/2014:15:52:42 +0100] "GET /phpmyadmin/themes/pmahomme/jquery/images/ui-bg_highlight-soft_75_cccccc_1x100.png HTTP/1.1" 200 101
::1 - - [03/Dec/2014:15:52:42 +0100] "GET /phpmyadmin/themes/pmahomme/jquery/images/ui-bg_glass_75_e6e6e6_1x400.png HTTP/1.1" 200 110
::1 - - [03/Dec/2014:15:52:42 +0100] "GET /phpmyadmin/themes/pmahomme/jquery/images/ui-bg_flat_0_aaaaaa_40x100.png HTTP/1.1" 200 180
::1 - - [03/Dec/2014:15:52:42 +0100] "GET /phpmyadmin/themes/pmahomme/jquery/images/ui-bg_glass_75_dadada_1x400.png HTTP/1.1" 200 159
::1 - - [03/Dec/2014:15:52:43 +0100] "GET /phpmyadmin/themes/pmahomme/jquery/images/ui-bg_glass_65_ffffff_1x400.png HTTP/1.1" 200 105
::1 - - [03/Dec/2014:15:52:43 +0100] "POST /phpmyadmin/server_databases.php?pos=0&dbstats=0&sort_by=SCHEMA_NAME&sort_order=asc&drop_selected_dbs=1&token=d1107a532b71d3eab329d90760ebd88d&selected_dbs%5B%5D=test&drop_selected_dbs=1&is_js_confirmed=1&ajax_request=true HTTP/1.1" 200 177
::1 - - [03/Dec/2014:15:52:44 +0100] "POST /phpmyadmin/navigation.php?ajax_request=1&token=d1107a532b71d3eab329d90760ebd88d HTTP/1.1" 200 51
::1 - - [03/Dec/2014:15:52:58 +0100] "POST /phpmyadmin/db_create.php HTTP/1.1" 200 2351
::1 - - [03/Dec/2014:15:52:58 +0100] "POST /phpmyadmin/navigation.php?ajax_request=1&token=d1107a532b71d3eab329d90760ebd88d HTTP/1.1" 200 686
::1 - - [03/Dec/2014:15:53:00 +0100] "GET /phpmyadmin/navigation.php?ajax_request=1&token=d1107a532b71d3eab329d90760ebd88d&aPath=cm9vdA%3D%3D.c2Nob29sZGI%3D&vPath=cm9vdA%3D%3D.c2Nob29sZGI%3D&pos=0&pos2_name=&pos2_value=&searchClause=&searchClause2=&_nocache=1417618380612350981 HTTP/1.1" 200 97
::1 - - [03/Dec/2014:15:58:14 +0100] "GET /phpmyadmin/db_structure.php?db=SchoolDB&token=d1107a532b71d3eab329d90760ebd88d&db=SchoolDB&ajax_request=true&ajax_page_request=true&menuHashes=558d60b4-3155056f-34d0c6a7-bed5c1fb&_nocache=1417618694284267793 HTTP/1.1" 200 5625
