2014-11-26 14:30:36 9196 [Note] Plugin 'FEDERATED' is disabled.
2014-11-26 14:30:36 9196 [Note] InnoDB: The InnoDB memory heap is disabled
2014-11-26 14:30:36 9196 [Note] InnoDB: Mutexes and rw_locks use Windows interlocked functions
2014-11-26 14:30:36 9196 [Note] InnoDB: Compressed tables use zlib 1.2.3
2014-11-26 14:30:36 9196 [Note] InnoDB: Not using CPU crc32 instructions
2014-11-26 14:30:36 9196 [Note] InnoDB: Initializing buffer pool, size = 128.0M
2014-11-26 14:30:36 9196 [Note] InnoDB: Completed initialization of buffer pool
2014-11-26 14:30:36 9196 [Note] InnoDB: Setting log file C:\Users\ARISTOCRAT\Desktop\WebServer\mysql\data\ib_logfile101 size to 5 MB
2014-11-26 14:30:36 9196 [Note] InnoDB: Setting log file C:\Users\ARISTOCRAT\Desktop\WebServer\mysql\data\ib_logfile1 size to 5 MB
2014-11-26 14:30:36 9196 [Note] InnoDB: Renaming log file C:\Users\ARISTOCRAT\Desktop\WebServer\mysql\data\ib_logfile101 to C:\Users\ARISTOCRAT\Desktop\WebServer\mysql\data\ib_logfile0
2014-11-26 14:30:36 9196 [Warning] InnoDB: New log files created, LSN=1626134
2014-11-26 14:30:36 9196 [Note] InnoDB: Highest supported file format is Barracuda.
2014-11-26 14:30:36 9196 [Note] InnoDB: 128 rollback segment(s) are active.
2014-11-26 14:30:36 9196 [Note] InnoDB: Waiting for purge to start
2014-11-26 14:30:36 9196 [Note] InnoDB: 5.6.13 started; log sequence number 1626636
2014-11-26 14:30:36 9196 [Warning] No existing UUID has been found, so we assume that this is the first time that this server has been started. Generating a new UUID: 67f75b45-7570-11e4-85fe-3c15c2e45aef.
2014-11-26 14:30:36 9196 [Note] Server hostname (bind-address): '*'; port: 3307
2014-11-26 14:30:36 9196 [Note] IPv6 is available.
2014-11-26 14:30:36 9196 [Note]   - '::' resolves to '::';
2014-11-26 14:30:36 9196 [Note] Server socket created on IP: '::'.
2014-11-26 14:30:37 9196 [Note] Event Scheduler: Loaded 0 events
2014-11-26 14:30:37 9196 [Note] C:\Users\ARISTOCRAT\Desktop\WebServer/mysql/bin/mysqld_usbwv8.exe: ready for connections.
Version: '5.6.13'  socket: ''  port: 3307  MySQL Community Server (GPL)
2014-12-01 13:37:43 12204 [Note] Plugin 'FEDERATED' is disabled.
2014-12-01 13:37:43 12204 [Note] InnoDB: The InnoDB memory heap is disabled
2014-12-01 13:37:43 12204 [Note] InnoDB: Mutexes and rw_locks use Windows interlocked functions
2014-12-01 13:37:43 12204 [Note] InnoDB: Compressed tables use zlib 1.2.3
2014-12-01 13:37:43 12204 [Note] InnoDB: Not using CPU crc32 instructions
2014-12-01 13:37:43 12204 [Note] InnoDB: Initializing buffer pool, size = 128.0M
2014-12-01 13:37:43 12204 [Note] InnoDB: Completed initialization of buffer pool
2014-12-01 13:37:43 12204 [Note] InnoDB: Highest supported file format is Barracuda.
2014-12-01 13:37:43 12204 [Note] InnoDB: The log sequence numbers 1626134 and 1626134 in ibdata files do not match the log sequence number 1707629 in the ib_logfiles!
2014-12-01 13:37:43 12204 [Note] InnoDB: Database was not shutdown normally!
2014-12-01 13:37:43 12204 [Note] InnoDB: Starting crash recovery.
2014-12-01 13:37:43 12204 [Note] InnoDB: Reading tablespace information from the .ibd files...
2014-12-01 13:37:43 12204 [Note] InnoDB: Restoring possible half-written data pages 
2014-12-01 13:37:43 12204 [Note] InnoDB: from the doublewrite buffer...
2014-12-01 13:37:43 12204 [Note] InnoDB: 128 rollback segment(s) are active.
2014-12-01 13:37:43 12204 [Note] InnoDB: Waiting for purge to start
2014-12-01 13:37:43 12204 [Note] InnoDB: 5.6.13 started; log sequence number 1707629
2014-12-01 13:37:43 12204 [Note] Server hostname (bind-address): '*'; port: 3307
2014-12-01 13:37:43 12204 [Note] IPv6 is available.
2014-12-01 13:37:43 12204 [Note]   - '::' resolves to '::';
2014-12-01 13:37:43 12204 [Note] Server socket created on IP: '::'.
2014-12-01 13:37:43 12204 [Note] Event Scheduler: Loaded 0 events
2014-12-01 13:37:43 12204 [Note] C:\Users\ARISTOCRAT\Desktop\WebServer/mysql/bin/mysqld_usbwv8.exe: ready for connections.
Version: '5.6.13'  socket: ''  port: 3307  MySQL Community Server (GPL)
